<?xml version="1.0" encoding="UTF-8"?>
<!-- Generated by org.testng.reporters.JUnitReportReporter -->
<testsuite hostname="veermadhu" failures="0" tests="1" name="com.cucumber_testcases.loginPage" time="26.218" errors="0" timestamp="2021-11-17T17:08:25 IST" skipped="0">
  <testcase classname="com.cucumber_testcases.loginPage" name="loginTest" time="26.218"/>
  <system-out/>
</testsuite> <!-- com.cucumber_testcases.loginPage -->
